2025-07-29 00:41:38,741 [INFO] Activator:177 - 


2025-07-29 00:41:38,742 [INFO] Activator:178 - !SESSION log4j initialized
2025-07-29 00:41:44,127 [INFO] McuFinderGlobals:39 - Set McuFinder mode to 2 (CubeIDE integrated)
2025-07-29 00:41:44,485 [INFO] ApplicationProperties:181 - Using Application install path: C:\ST\STM32CubeIDE_1.7.0\STM32CubeIDE\plugins\com.st.stm32cube.common.mx_6.3.0.202107141111
2025-07-29 00:41:44,495 [INFO] DbMcusXml:74 - Set database path to: C:\ST\STM32CubeIDE_1.7.0\STM32CubeIDE\plugins\com.st.stm32cube.common.mx_6.3.0.202107141111\\db\/mcu/
2025-07-29 00:41:44,498 [INFO] DbBoardsPdsc:56 - Set plugin database path to: C:\ST\STM32CubeIDE_1.7.0\STM32CubeIDE\plugins\com.st.stm32cube.common.mx_6.3.0.202107141111\\db\/plugins/boardmanager/
2025-07-29 00:41:44,498 [INFO] DbMcus:258 - Set plugin images path to: C:\ST\STM32CubeIDE_1.7.0\STM32CubeIDE\plugins\com.st.stm32cube.common.mx_6.3.0.202107141111\\db\/plugins/mcufinder/images/
2025-07-29 00:41:44,498 [INFO] DbBoards:264 - Set plugin images path to: C:\ST\STM32CubeIDE_1.7.0\STM32CubeIDE\plugins\com.st.stm32cube.common.mx_6.3.0.202107141111\\db\/plugins/mcufinder/images/
2025-07-29 00:41:44,500 [INFO] DbExamples:333 - Set plugin images path to: C:\ST\STM32CubeIDE_1.7.0\STM32CubeIDE\plugins\com.st.stm32cube.common.mx_6.3.0.202107141111\\db\/plugins/mcufinder/images/
2025-07-29 00:41:44,514 [INFO] DbMcusAds:119 - Set database path to: C:\Users\domin\.stmcufinder\plugins\mcufinder//mcu/
2025-07-29 00:41:44,514 [INFO] DbMcusDocs:110 - Set database path to: C:\Users\domin\.stmcufinder\plugins\mcufinder//mcu/
2025-07-29 00:41:44,516 [INFO] DbMcusJson:64 - Set database path to: C:\Users\domin\.stmcufinder\plugins\mcufinder//mcu/
2025-07-29 00:41:44,516 [INFO] DbBoardsDocs:110 - Set database path to: C:\Users\domin\.stmcufinder\plugins\mcufinder//mcu/
2025-07-29 00:41:44,517 [INFO] DbBoardsJson:57 - Set database path to: C:\Users\domin\.stmcufinder\plugins\mcufinder//mcu/
2025-07-29 00:41:44,520 [INFO] CrossReferenceDbSqlite:196 - Set database path to: C:\Users\domin\.stmcufinder\plugins\mcufinder//mcu/cs/
2025-07-29 00:41:44,521 [INFO] DbExamplesSqlite:767 - Set database path to: C:\Users\domin\.stmcufinder\plugins\mcufinder//mcu/
2025-07-29 00:41:44,603 [INFO] RulesReader:57 - Compatibility file has been processed (242 Rules)
2025-07-29 00:41:44,670 [INFO] DbMcusXml:74 - Set database path to: C:\ST\STM32CubeIDE_1.7.0\STM32CubeIDE\plugins\com.st.stm32cube.common.mx_6.3.0.202107141111\\db\/mcu/
2025-07-29 00:41:44,671 [INFO] DbBoardsPdsc:56 - Set plugin database path to: C:\ST\STM32CubeIDE_1.7.0\STM32CubeIDE\plugins\com.st.stm32cube.common.mx_6.3.0.202107141111\\db\/plugins/boardmanager/
2025-07-29 00:41:44,671 [INFO] DbMcus:258 - Set plugin images path to: C:\ST\STM32CubeIDE_1.7.0\STM32CubeIDE\plugins\com.st.stm32cube.common.mx_6.3.0.202107141111\\db\/plugins/mcufinder/images/
2025-07-29 00:41:44,671 [INFO] DbBoards:264 - Set plugin images path to: C:\ST\STM32CubeIDE_1.7.0\STM32CubeIDE\plugins\com.st.stm32cube.common.mx_6.3.0.202107141111\\db\/plugins/mcufinder/images/
2025-07-29 00:41:44,671 [INFO] DbExamples:333 - Set plugin images path to: C:\ST\STM32CubeIDE_1.7.0\STM32CubeIDE\plugins\com.st.stm32cube.common.mx_6.3.0.202107141111\\db\/plugins/mcufinder/images/
2025-07-29 00:41:44,671 [WARN] DbFile:35 - Overriding database path with different value: C:\Users\domin\.stmcufinder\plugins\mcufinder/ => C:\Users\domin\.stmcufinder\plugins\mcufinder
2025-07-29 00:41:44,672 [INFO] DbMcusAds:119 - Set database path to: C:\Users\domin\.stmcufinder\plugins\mcufinder//mcu/
2025-07-29 00:41:44,672 [WARN] DbFile:35 - Overriding database path with different value: C:\Users\domin\.stmcufinder\plugins\mcufinder/ => C:\Users\domin\.stmcufinder\plugins\mcufinder
2025-07-29 00:41:44,672 [INFO] DbMcusDocs:110 - Set database path to: C:\Users\domin\.stmcufinder\plugins\mcufinder//mcu/
2025-07-29 00:41:44,672 [WARN] DbFile:35 - Overriding database path with different value: C:\Users\domin\.stmcufinder\plugins\mcufinder/ => C:\Users\domin\.stmcufinder\plugins\mcufinder
2025-07-29 00:41:44,672 [INFO] DbMcusJson:64 - Set database path to: C:\Users\domin\.stmcufinder\plugins\mcufinder//mcu/
2025-07-29 00:41:44,672 [WARN] DbFile:35 - Overriding database path with different value: C:\Users\domin\.stmcufinder\plugins\mcufinder/ => C:\Users\domin\.stmcufinder\plugins\mcufinder
2025-07-29 00:41:44,672 [INFO] DbBoardsDocs:110 - Set database path to: C:\Users\domin\.stmcufinder\plugins\mcufinder//mcu/
2025-07-29 00:41:44,672 [WARN] DbFile:35 - Overriding database path with different value: C:\Users\domin\.stmcufinder\plugins\mcufinder/ => C:\Users\domin\.stmcufinder\plugins\mcufinder
2025-07-29 00:41:44,672 [INFO] DbBoardsJson:57 - Set database path to: C:\Users\domin\.stmcufinder\plugins\mcufinder//mcu/
2025-07-29 00:41:44,672 [WARN] DbFile:35 - Overriding database path with different value: C:\Users\domin\.stmcufinder\plugins\mcufinder/ => C:\Users\domin\.stmcufinder\plugins\mcufinder
2025-07-29 00:41:44,672 [WARN] DbFile:35 - Overriding database path with different value: C:\Users\domin\.stmcufinder\plugins\mcufinder/ => C:\Users\domin\.stmcufinder\plugins\mcufinder
2025-07-29 00:41:44,673 [INFO] CrossReferenceDbSqlite:196 - Set database path to: C:\Users\domin\.stmcufinder\plugins\mcufinder//mcu/cs/
2025-07-29 00:41:44,673 [WARN] DbFile:35 - Overriding database path with different value: C:\Users\domin\.stmcufinder\plugins\mcufinder/ => C:\Users\domin\.stmcufinder\plugins\mcufinder
2025-07-29 00:41:44,673 [INFO] DbExamplesSqlite:767 - Set database path to: C:\Users\domin\.stmcufinder\plugins\mcufinder//mcu/
2025-07-29 00:41:44,724 [INFO] MainPanel:214 - HeapMemory: 268435456
2025-07-29 00:41:44,791 [INFO] DbMcusXml:74 - Set database path to: C:\ST\STM32CubeIDE_1.7.0\STM32CubeIDE\plugins\com.st.stm32cube.common.mx_6.3.0.202107141111\\db\/mcu/
2025-07-29 00:41:44,792 [INFO] DbBoardsPdsc:56 - Set plugin database path to: C:\ST\STM32CubeIDE_1.7.0\STM32CubeIDE\plugins\com.st.stm32cube.common.mx_6.3.0.202107141111\\db\/plugins/boardmanager/
2025-07-29 00:41:44,792 [INFO] DbMcus:258 - Set plugin images path to: C:\ST\STM32CubeIDE_1.7.0\STM32CubeIDE\plugins\com.st.stm32cube.common.mx_6.3.0.202107141111\\db\/plugins/mcufinder/images/
2025-07-29 00:41:44,792 [INFO] DbBoards:264 - Set plugin images path to: C:\ST\STM32CubeIDE_1.7.0\STM32CubeIDE\plugins\com.st.stm32cube.common.mx_6.3.0.202107141111\\db\/plugins/mcufinder/images/
2025-07-29 00:41:44,792 [INFO] DbExamples:333 - Set plugin images path to: C:\ST\STM32CubeIDE_1.7.0\STM32CubeIDE\plugins\com.st.stm32cube.common.mx_6.3.0.202107141111\\db\/plugins/mcufinder/images/
2025-07-29 00:41:44,792 [WARN] DbFile:35 - Overriding database path with different value: C:\Users\domin\.stmcufinder\plugins\mcufinder/ => C:\Users\domin\.stmcufinder\plugins\mcufinder
2025-07-29 00:41:44,792 [INFO] DbMcusAds:119 - Set database path to: C:\Users\domin\.stmcufinder\plugins\mcufinder//mcu/
2025-07-29 00:41:44,793 [WARN] DbFile:35 - Overriding database path with different value: C:\Users\domin\.stmcufinder\plugins\mcufinder/ => C:\Users\domin\.stmcufinder\plugins\mcufinder
2025-07-29 00:41:44,793 [INFO] DbMcusDocs:110 - Set database path to: C:\Users\domin\.stmcufinder\plugins\mcufinder//mcu/
2025-07-29 00:41:44,793 [WARN] DbFile:35 - Overriding database path with different value: C:\Users\domin\.stmcufinder\plugins\mcufinder/ => C:\Users\domin\.stmcufinder\plugins\mcufinder
2025-07-29 00:41:44,793 [INFO] DbMcusJson:64 - Set database path to: C:\Users\domin\.stmcufinder\plugins\mcufinder//mcu/
2025-07-29 00:41:44,793 [WARN] DbFile:35 - Overriding database path with different value: C:\Users\domin\.stmcufinder\plugins\mcufinder/ => C:\Users\domin\.stmcufinder\plugins\mcufinder
2025-07-29 00:41:44,793 [INFO] DbBoardsDocs:110 - Set database path to: C:\Users\domin\.stmcufinder\plugins\mcufinder//mcu/
2025-07-29 00:41:44,793 [WARN] DbFile:35 - Overriding database path with different value: C:\Users\domin\.stmcufinder\plugins\mcufinder/ => C:\Users\domin\.stmcufinder\plugins\mcufinder
2025-07-29 00:41:44,793 [INFO] DbBoardsJson:57 - Set database path to: C:\Users\domin\.stmcufinder\plugins\mcufinder//mcu/
2025-07-29 00:41:44,793 [WARN] DbFile:35 - Overriding database path with different value: C:\Users\domin\.stmcufinder\plugins\mcufinder/ => C:\Users\domin\.stmcufinder\plugins\mcufinder
2025-07-29 00:41:44,793 [WARN] DbFile:35 - Overriding database path with different value: C:\Users\domin\.stmcufinder\plugins\mcufinder/ => C:\Users\domin\.stmcufinder\plugins\mcufinder
2025-07-29 00:41:44,793 [INFO] CrossReferenceDbSqlite:196 - Set database path to: C:\Users\domin\.stmcufinder\plugins\mcufinder//mcu/cs/
2025-07-29 00:41:44,793 [WARN] DbFile:35 - Overriding database path with different value: C:\Users\domin\.stmcufinder\plugins\mcufinder/ => C:\Users\domin\.stmcufinder\plugins\mcufinder
2025-07-29 00:41:44,793 [INFO] DbExamplesSqlite:767 - Set database path to: C:\Users\domin\.stmcufinder\plugins\mcufinder//mcu/
2025-07-29 00:41:44,807 [INFO] ApplicationProperties:181 - Using Application install path: C:\ST\STM32CubeIDE_1.7.0\STM32CubeIDE\plugins\com.st.stm32cube.common.mx_6.3.0.202107141111
2025-07-29 00:41:44,808 [INFO] PluginManage:188 - Search for loadable plugins [exclusion list=, ]
2025-07-29 00:41:44,809 [INFO] PluginManage:302 - Check plugin analytics
2025-07-29 00:41:44,923 [INFO] AnalyticsPlugin:257 - Accepted Software Licenses: STM32CubeMX.6.13.0
2025-07-29 00:41:44,923 [INFO] AnalyticsPlugin:259 - Accepted CMSIS Pack Licenses: 
2025-07-29 00:41:44,923 [INFO] AnalyticsPlugin:261 - Accepted Firmware Licenses: 
2025-07-29 00:41:44,924 [INFO] PluginManage:352 - Loaded plugin analytics (category:tool,tabindex:-1)
2025-07-29 00:41:44,924 [INFO] PluginManage:302 - Check plugin clock
2025-07-29 00:41:44,944 [INFO] PluginManage:352 - Loaded plugin clock (category:base,tabindex:2)
2025-07-29 00:41:44,944 [INFO] PluginManage:302 - Check plugin ddr
2025-07-29 00:41:44,946 [INFO] PluginManage:352 - Loaded plugin ddr (category:tool,tabindex:6)
2025-07-29 00:41:44,946 [INFO] PluginManage:302 - Check plugin filemanager
2025-07-29 00:41:45,038 [INFO] PluginManage:352 - Loaded plugin filemanager (category:base,tabindex:10)
2025-07-29 00:41:45,038 [INFO] PluginManage:302 - Check plugin ipmanager
2025-07-29 00:41:45,044 [INFO] PluginManage:352 - Loaded plugin ipmanager (category:base,tabindex:5)
2025-07-29 00:41:45,044 [INFO] PluginManage:302 - Check plugin pinoutandconfiguration
2025-07-29 00:41:45,063 [INFO] PluginManage:352 - Loaded plugin pinoutandconfiguration (category:base,tabindex:1)
2025-07-29 00:41:45,064 [INFO] PluginManage:302 - Check plugin pinoutconfig
2025-07-29 00:41:45,094 [INFO] PluginManage:352 - Loaded plugin pinoutconfig (category:base,tabindex:0)
2025-07-29 00:41:45,094 [INFO] PluginManage:302 - Check plugin power
2025-07-29 00:41:45,116 [INFO] PluginManage:352 - Loaded plugin power (category:power,tabindex:4)
2025-07-29 00:41:45,116 [INFO] PluginManage:302 - Check plugin projectmanager
2025-07-29 00:41:45,127 [INFO] PluginManage:352 - Loaded plugin projectmanager (category:projectmanager,tabindex:3)
2025-07-29 00:41:45,127 [INFO] PluginManage:302 - Check plugin thirdparty
2025-07-29 00:41:45,343 [WARN] IntegrityCheckThread:78 - waiting for thirdparty lock release [integrity check]
2025-07-29 00:41:45,343 [INFO] PluginManage:352 - Loaded plugin thirdparty (category:base,tabindex:-1)
2025-07-29 00:41:45,344 [INFO] IntegrityCheckThread:80 - entering critical section [integrity check]
2025-07-29 00:41:45,344 [INFO] PluginManage:302 - Check plugin tools
2025-07-29 00:41:45,344 [INFO] ThirdPartyUpdaterWithRetryManager:66 - Updater plugin not ready yet. [1/15]
2025-07-29 00:41:45,405 [INFO] PluginManage:352 - Loaded plugin tools (category:base,tabindex:7)
2025-07-29 00:41:45,405 [INFO] PluginManage:302 - Check plugin tutovideos
2025-07-29 00:41:45,594 [INFO] PluginManage:352 - Loaded plugin tutovideos (category:base,tabindex:-1)
2025-07-29 00:41:45,594 [INFO] PluginManage:302 - Check plugin updater
2025-07-29 00:41:45,604 [INFO] PluginManage:352 - Loaded plugin updater (category:base,tabindex:12)
2025-07-29 00:41:45,604 [INFO] PluginManage:275 - PluginManage : Loaded plugins [13]
2025-07-29 00:41:45,732 [INFO] PinOutPanel:1463 - setPackage(No Configuration,No Configuration)
2025-07-29 00:41:45,807 [INFO] IPUIPlugin:74 - create IPUIPlugin
2025-07-29 00:41:45,807 [INFO] PluginManager:213 - loadIPPluginJar : add adc
2025-07-29 00:41:45,853 [INFO] IPUIPlugin:74 - create IPUIPlugin
2025-07-29 00:41:45,853 [INFO] PluginManager:213 - loadIPPluginJar : add aes
2025-07-29 00:41:45,903 [INFO] IPUIPlugin:74 - create IPUIPlugin
2025-07-29 00:41:45,903 [INFO] PluginManager:213 - loadIPPluginJar : add can
2025-07-29 00:41:45,938 [INFO] IPUIPlugin:74 - create IPUIPlugin
2025-07-29 00:41:45,938 [INFO] PluginManager:213 - loadIPPluginJar : add comp
2025-07-29 00:41:45,979 [INFO] IPUIPlugin:74 - create IPUIPlugin
2025-07-29 00:41:45,979 [INFO] PluginManager:213 - loadIPPluginJar : add cryp
2025-07-29 00:41:46,021 [INFO] IPUIPlugin:74 - create IPUIPlugin
2025-07-29 00:41:46,021 [INFO] PluginManager:213 - loadIPPluginJar : add dfsdm
2025-07-29 00:41:46,035 [INFO] IPUIPlugin:74 - create IPUIPlugin
2025-07-29 00:41:46,036 [INFO] PluginManager:213 - loadIPPluginJar : add dma
2025-07-29 00:41:46,088 [INFO] IPUIPlugin:74 - create IPUIPlugin
2025-07-29 00:41:46,088 [INFO] PluginManager:213 - loadIPPluginJar : add dma3
2025-07-29 00:41:46,119 [INFO] IPUIPlugin:74 - create IPUIPlugin
2025-07-29 00:41:46,120 [INFO] PluginManager:213 - loadIPPluginJar : add fatfs
2025-07-29 00:41:46,177 [INFO] IPUIPlugin:74 - create IPUIPlugin
2025-07-29 00:41:46,177 [INFO] PluginManager:213 - loadIPPluginJar : add fmc
2025-07-29 00:41:46,193 [INFO] IPUIPlugin:74 - create IPUIPlugin
2025-07-29 00:41:46,194 [INFO] PluginManager:213 - loadIPPluginJar : add freertos
2025-07-29 00:41:46,226 [INFO] IPUIPlugin:74 - create IPUIPlugin
2025-07-29 00:41:46,226 [INFO] PluginManager:213 - loadIPPluginJar : add genericplugin
2025-07-29 00:41:46,319 [INFO] IPUIPlugin:74 - create IPUIPlugin
2025-07-29 00:41:46,319 [INFO] PluginManager:213 - loadIPPluginJar : add gfxmmu
2025-07-29 00:41:46,442 [INFO] IPUIPlugin:74 - create IPUIPlugin
2025-07-29 00:41:46,442 [INFO] PluginManager:213 - loadIPPluginJar : add gic
2025-07-29 00:41:46,456 [INFO] IPUIPlugin:74 - create IPUIPlugin
2025-07-29 00:41:46,456 [INFO] PluginManager:213 - loadIPPluginJar : add gpio
2025-07-29 00:41:46,533 [INFO] IPUIPlugin:74 - create IPUIPlugin
2025-07-29 00:41:46,533 [INFO] PluginManager:213 - loadIPPluginJar : add gtzc
2025-07-29 00:41:46,569 [INFO] IPUIPlugin:74 - create IPUIPlugin
2025-07-29 00:41:46,569 [INFO] PluginManager:213 - loadIPPluginJar : add hash
2025-07-29 00:41:46,625 [INFO] IPUIPlugin:74 - create IPUIPlugin
2025-07-29 00:41:46,626 [INFO] PluginManager:213 - loadIPPluginJar : add i2c
2025-07-29 00:41:46,671 [INFO] IPUIPlugin:74 - create IPUIPlugin
2025-07-29 00:41:46,672 [INFO] PluginManager:213 - loadIPPluginJar : add i2s
2025-07-29 00:41:46,684 [INFO] IPUIPlugin:74 - create IPUIPlugin
2025-07-29 00:41:46,684 [INFO] PluginManager:213 - loadIPPluginJar : add ipddr
2025-07-29 00:41:46,774 [INFO] IPUIPlugin:74 - create IPUIPlugin
2025-07-29 00:41:46,774 [INFO] PluginManager:213 - loadIPPluginJar : add linkedlist
2025-07-29 00:41:46,818 [INFO] IPUIPlugin:74 - create IPUIPlugin
2025-07-29 00:41:46,818 [INFO] PluginManager:213 - loadIPPluginJar : add lorawan
2025-07-29 00:41:46,862 [INFO] IPUIPlugin:74 - create IPUIPlugin
2025-07-29 00:41:46,862 [INFO] PluginManager:213 - loadIPPluginJar : add ltdc
2025-07-29 00:41:46,875 [INFO] IPUIPlugin:74 - create IPUIPlugin
2025-07-29 00:41:46,875 [INFO] PluginManager:213 - loadIPPluginJar : add mdma
2025-07-29 00:41:46,886 [INFO] IPUIPlugin:74 - create IPUIPlugin
2025-07-29 00:41:46,887 [INFO] PluginManager:213 - loadIPPluginJar : add nvic
2025-07-29 00:41:46,934 [INFO] IPUIPlugin:74 - create IPUIPlugin
2025-07-29 00:41:46,934 [INFO] PluginManager:213 - loadIPPluginJar : add opamp
2025-07-29 00:41:47,002 [INFO] IPUIPlugin:74 - create IPUIPlugin
2025-07-29 00:41:47,003 [INFO] PluginManager:213 - loadIPPluginJar : add openamp
2025-07-29 00:41:47,053 [INFO] IPUIPlugin:74 - create IPUIPlugin
2025-07-29 00:41:47,053 [INFO] PluginManager:213 - loadIPPluginJar : add pdm2pcm
2025-07-29 00:41:47,068 [INFO] IPUIPlugin:74 - create IPUIPlugin
2025-07-29 00:41:47,070 [INFO] PluginManager:213 - loadIPPluginJar : add plateformsettings
2025-07-29 00:41:47,106 [INFO] IPUIPlugin:74 - create IPUIPlugin
2025-07-29 00:41:47,106 [INFO] PluginManager:213 - loadIPPluginJar : add quadspi
2025-07-29 00:41:47,120 [INFO] IPUIPlugin:74 - create IPUIPlugin
2025-07-29 00:41:47,120 [INFO] PluginManager:213 - loadIPPluginJar : add resmgrutility
2025-07-29 00:41:47,177 [INFO] IPUIPlugin:74 - create IPUIPlugin
2025-07-29 00:41:47,177 [INFO] PluginManager:213 - loadIPPluginJar : add sai
2025-07-29 00:41:47,221 [INFO] IPUIPlugin:74 - create IPUIPlugin
2025-07-29 00:41:47,221 [INFO] PluginManager:213 - loadIPPluginJar : add spi
2025-07-29 00:41:47,278 [INFO] IPUIPlugin:74 - create IPUIPlugin
2025-07-29 00:41:47,278 [INFO] PluginManager:213 - loadIPPluginJar : add stm32_wpan
2025-07-29 00:41:47,312 [INFO] IPUIPlugin:74 - create IPUIPlugin
2025-07-29 00:41:47,312 [INFO] PluginManager:213 - loadIPPluginJar : add tim
2025-07-29 00:41:47,377 [INFO] IPUIPlugin:74 - create IPUIPlugin
2025-07-29 00:41:47,377 [INFO] PluginManager:213 - loadIPPluginJar : add touchsensing
2025-07-29 00:41:47,409 [INFO] IPUIPlugin:74 - create IPUIPlugin
2025-07-29 00:41:47,409 [INFO] PluginManager:213 - loadIPPluginJar : add tracer_emb
2025-07-29 00:41:47,447 [INFO] IPUIPlugin:74 - create IPUIPlugin
2025-07-29 00:41:47,447 [INFO] PluginManager:213 - loadIPPluginJar : add ts
2025-07-29 00:41:47,483 [INFO] IPUIPlugin:74 - create IPUIPlugin
2025-07-29 00:41:47,483 [INFO] PluginManager:213 - loadIPPluginJar : add tsc
2025-07-29 00:41:47,518 [INFO] IPUIPlugin:74 - create IPUIPlugin
2025-07-29 00:41:47,518 [INFO] PluginManager:213 - loadIPPluginJar : add ucpd
2025-07-29 00:41:47,570 [INFO] IPUIPlugin:74 - create IPUIPlugin
2025-07-29 00:41:47,570 [INFO] PluginManager:213 - loadIPPluginJar : add usart
2025-07-29 00:41:47,615 [INFO] IPUIPlugin:74 - create IPUIPlugin
2025-07-29 00:41:47,615 [INFO] PluginManager:213 - loadIPPluginJar : add usbx
2025-07-29 00:41:47,848 [FATAL] Updater:294 - Updater called before beeing initialized
2025-07-29 00:41:47,924 [FATAL] Updater:294 - Updater called before beeing initialized
2025-07-29 00:41:47,934 [INFO] DbMcusAds:47 - JSON generation date=Tue Jul 08 01:14:23 PDT 2025 (1751962463582)
2025-07-29 00:41:47,934 [FATAL] Updater:294 - Updater called before beeing initialized
2025-07-29 00:41:47,967 [WARN] DetailPanel:314 - Failed to get advertising image, set to default
2025-07-29 00:41:48,041 [FATAL] Updater:294 - Updater called before beeing initialized
2025-07-29 00:41:48,044 [FATAL] Updater:294 - Updater called before beeing initialized
2025-07-29 00:41:48,044 [FATAL] Updater:294 - Updater called before beeing initialized
2025-07-29 00:41:48,044 [WARN] DetailPanel:314 - Failed to get advertising image, set to default
2025-07-29 00:41:48,045 [FATAL] Updater:294 - Updater called before beeing initialized
2025-07-29 00:41:48,086 [ERROR] Updater:1075 - MainUpdater not yet initialized. External WinMGr cannot be set.
2025-07-29 00:41:48,095 [INFO] Updater:1012 - Updater Version found : 6.3.0
2025-07-29 00:41:48,110 [INFO] ApplicationProperties:181 - Using Application install path: C:\ST\STM32CubeIDE_1.7.0\STM32CubeIDE\plugins\com.st.stm32cube.common.mx_6.3.0.202107141111
2025-07-29 00:41:48,355 [INFO] ThirdPartyUpdaterWithRetryManager:66 - Updater plugin not ready yet. [2/15]
2025-07-29 00:41:48,502 [INFO] MainUpdater:2671 - connection check result : 10
2025-07-29 00:41:48,503 [INFO] MainUpdater:3359 - Updater definition file requires update
2025-07-29 00:41:48,504 [INFO] MainUpdater:265 - Updater Check For Update Now.
2025-07-29 00:41:48,504 [INFO] MicroXplorer:478 - Change Database Version : DB.6.0.30
2025-07-29 00:41:48,606 [INFO] ServerAccessManage:362 - Download File updaters.zip
2025-07-29 00:41:48,691 [INFO] FileExtend:235 - Unzip File : updaters.zip
2025-07-29 00:41:48,691 [INFO] FileExtend:250 - Standard Zip Deflate
2025-07-29 00:41:49,339 [INFO] ServerAccessManage:362 - Download File PacksControlFlags.xml
2025-07-29 00:41:49,484 [INFO] ServerAccessManage:362 - Download File cubemx.pidx
2025-07-29 00:41:50,052 [INFO] ServerAccessManage:362 - Download File STMicroelectronics.X-CUBE-BLEMGR.pdsc
2025-07-29 00:41:51,365 [WARN] MainUpdater:1122 - Updater busy. Cannot search thirdparties
2025-07-29 00:41:51,365 [INFO] ThirdPartyUpdaterWithRetryManager:92 - Updater plugin is busy. [1/15]
2025-07-29 00:41:51,416 [ERROR] ServerAccessManage:974 - Problem, file not found on Server
2025-07-29 00:41:52,388 [INFO] ServerAccessManage:362 - Download File STMicroelectronics.X-CUBE-FREERTOS.pdsc
2025-07-29 00:41:54,168 [WARN] PopulateThirdPartyThread:100 - Error when creating pack: C:/Users/domin/.stm32cubemx/thirdparties/pdsc/STMicroelectronics.X-CUBE-BLEMGR.pdsc
2025-07-29 00:41:54,170 [WARN] PopulateThirdPartyThread:100 - Error when creating pack: C:/Users/domin/.stm32cubemx/thirdparties/pdsc/STMicroelectronics.X-CUBE-FREERTOS.pdsc
2025-07-29 00:41:54,170 [INFO] PopulateThirdPartyThread:60 - Ending populate Thread
2025-07-29 00:41:54,170 [INFO] LoadServerUpdatesThread:339 - End of LoadServerUpdate Thread
2025-07-29 00:41:54,325 [INFO] CheckServerUpdateThread:112 - End of CheckServer Thread
2025-07-29 00:41:54,371 [INFO] MainUpdater:2671 - connection check result : 10
2025-07-29 00:41:54,498 [INFO] McuFinderGlobals:52 - Set McuFinderConnectedMode to true
2025-07-29 00:41:54,542 [ERROR] Engine:463 - C:\Users\domin\.stm32cubemx\thirdparties\pdsc\STMicroelectronics.FP-SNS-MOTENVWB1.1.4.0.pdsc: PDSC version is not supported
2025-07-29 00:41:54,567 [WARN] PackLoader:238 - Cannot read IP mode file for STMicroelectronics.FP-ATR-ASTRA1.2.0.2
2025-07-29 00:41:54,579 [WARN] PackLoader:238 - Cannot read IP mode file for STMicroelectronics.FP-ATR-ASTRA1.2.0.1
2025-07-29 00:41:54,593 [ERROR] Engine:463 - C:\Users\domin\.stm32cubemx\thirdparties\pdsc\STMicroelectronics.X-CUBE-SMBUS.2.1.0.pdsc: PDSC version is not supported
2025-07-29 00:41:54,610 [WARN] PackLoader:238 - Cannot read IP mode file for STMicroelectronics.X-CUBE-WB05N.1.1.0
2025-07-29 00:41:54,621 [ERROR] Engine:463 - C:\Users\domin\.stm32cubemx\thirdparties\pdsc\STMicroelectronics.X-CUBE-ST60.1.0.0.pdsc: PDSC version is not supported
2025-07-29 00:41:54,656 [INFO] ServerAccessManage:362 - Download File mcusAds.json._tmp_
2025-07-29 00:41:54,659 [WARN] PackLoader:238 - Cannot read IP mode file for STMicroelectronics.X-CUBE-AZRTOS-F7.1.1.0
2025-07-29 00:41:54,674 [ERROR] Engine:463 - C:\Users\domin\.stm32cubemx\thirdparties\pdsc\STMicroelectronics.FP-SNS-FLIGHT1.5.0.2.pdsc: PDSC version is not supported
2025-07-29 00:41:54,691 [ERROR] Engine:463 - C:\Users\domin\.stm32cubemx\thirdparties\pdsc\Infineon.AIROC-Wi-Fi-Bluetooth-STM32.1.7.0.pdsc: PDSC version is not supported
2025-07-29 00:41:54,726 [WARN] PackLoader:238 - Cannot read IP mode file for STMicroelectronics.X-CUBE-AZRTOS-H7.3.4.0
2025-07-29 00:41:54,742 [ERROR] Engine:463 - C:\Users\domin\.stm32cubemx\thirdparties\pdsc\STMicroelectronics.X-CUBE-DISPLAY.3.0.0.pdsc: PDSC version is not supported
2025-07-29 00:41:54,754 [WARN] PackLoader:238 - Cannot read IP mode file for STMicroelectronics.X-CUBE-BLE1.7.0.0
2025-07-29 00:41:54,768 [WARN] PackLoader:238 - Cannot read IP mode file for STMicroelectronics.X-CUBE-NFC10.1.0.0
2025-07-29 00:41:54,772 [INFO] LoadUrlFilesThread:145 - End of LoadUrlFiles Thread
2025-07-29 00:41:54,783 [ERROR] Engine:463 - C:\Users\domin\.stm32cubemx\thirdparties\pdsc\STMicroelectronics.X-CUBE-BLEMGR.4.0.0.pdsc: PDSC version is not supported
2025-07-29 00:41:54,793 [ERROR] Engine:463 - C:\Users\domin\.stm32cubemx\thirdparties\pdsc\emotas.I-CUBE-CANOPEN.1.3.0.pdsc: PDSC version is not supported
2025-07-29 00:41:54,805 [WARN] PackLoader:238 - Cannot read IP mode file for STMicroelectronics.X-CUBE-AI.10.0.0
2025-07-29 00:41:54,816 [ERROR] Engine:463 - C:\Users\domin\.stm32cubemx\thirdparties\pdsc\STMicroelectronics.FP-SNS-SMARTAG2.1.2.0.pdsc: PDSC version is not supported
2025-07-29 00:41:54,819 [ERROR] Engine:463 - C:\Users\domin\.stm32cubemx\thirdparties\pdsc\STMicroelectronics.FP-SNS-FLIGHT1.5.1.0.pdsc: PDSC version is not supported
2025-07-29 00:41:54,879 [WARN] PackLoader:238 - Cannot read IP mode file for STMicroelectronics.X-CUBE-MEMS1.11.1.0
2025-07-29 00:41:55,035 [INFO] LogOutputStream:76 - [STDOUT_REDIRECT] 1 : Invalid condition id : UX_CORESTACK_Condition cause : null
2025-07-29 00:41:55,036 [INFO] LogOutputStream:76 - [STDOUT_REDIRECT] 1 : Invalid condition id : UX_CORESTACK_Condition cause : null
2025-07-29 00:41:55,037 [INFO] LogOutputStream:76 - [STDOUT_REDIRECT] 1 : Invalid condition id : UX_CORESTACK_Condition cause : null
2025-07-29 00:41:55,037 [INFO] LogOutputStream:76 - [STDOUT_REDIRECT] 1 : Invalid condition id : UX_CORESTACK_Condition cause : null
2025-07-29 00:41:55,038 [INFO] LogOutputStream:76 - [STDOUT_REDIRECT] 1 : Invalid condition id : UX_CORESTACK_Condition cause : null
2025-07-29 00:41:55,040 [WARN] PackLoader:238 - Cannot read IP mode file for STMicroelectronics.X-CUBE-AZRTOS-WL.2.0.0
2025-07-29 00:41:55,052 [ERROR] Engine:463 - C:\Users\domin\.stm32cubemx\thirdparties\pdsc\STMicroelectronics.FP-SNS-MOTENV1.5.0.0.pdsc: PDSC version is not supported
2025-07-29 00:41:55,056 [WARN] PackLoader:238 - Cannot read IP mode file for wolfSSL.I-CUBE-wolfMQTT.1.19.0
2025-07-29 00:41:55,069 [WARN] PackLoader:238 - Cannot read IP mode file for WES.I-CUBE-Cesium.1.3.0
2025-07-29 00:41:55,081 [WARN] PackLoader:238 - Cannot read IP mode file for STMicroelectronics.X-CUBE-BLE2.3.3.0
2025-07-29 00:41:55,095 [WARN] PackLoader:238 - Cannot read IP mode file for STMicroelectronics.X-CUBE-NFC9.1.0.0
2025-07-29 00:41:55,108 [WARN] PackLoader:238 - Cannot read IP mode file for STMicroelectronics.X-CUBE-BLE1.7.1.0
2025-07-29 00:41:55,122 [WARN] PackLoader:238 - Cannot read IP mode file for STMicroelectronics.X-CUBE-EEPRMA1.5.2.0
2025-07-29 00:41:55,134 [WARN] PackLoader:238 - Cannot read IP mode file for STMicroelectronics.X-CUBE-AI.10.1.0
2025-07-29 00:41:55,186 [WARN] PackLoader:238 - Cannot read IP mode file for STMicroelectronics.X-CUBE-MEMS1.11.2.0
2025-07-29 00:41:55,229 [INFO] ServerAccessManage:362 - Download File mcusDocs.json._tmp_
2025-07-29 00:41:55,357 [WARN] PackLoader:238 - Cannot read IP mode file for STMicroelectronics.X-CUBE-AZRTOS-G0.1.1.0
2025-07-29 00:41:55,373 [WARN] PackLoader:238 - Cannot read IP mode file for STMicroelectronics.X-CUBE-SAFEA1.1.2.2
2025-07-29 00:41:55,387 [WARN] PackLoader:238 - Cannot read IP mode file for STMicroelectronics.X-CUBE-NFC4.3.0.0
2025-07-29 00:41:55,400 [ERROR] Engine:463 - C:\Users\domin\.stm32cubemx\thirdparties\pdsc\EmbeddedOffice.I-CUBE-FS-RTOS.1.0.1.pdsc: PDSC version is not supported
2025-07-29 00:41:55,411 [WARN] PackLoader:238 - Cannot read IP mode file for STMicroelectronics.X-CUBE-WB05N.2.0.0
2025-07-29 00:41:55,423 [ERROR] Engine:463 - C:\Users\domin\.stm32cubemx\thirdparties\pdsc\STMicroelectronics.X-CUBE-TCPP.4.2.0.pdsc: PDSC version is not supported
2025-07-29 00:41:55,433 [ERROR] Engine:463 - C:\Users\domin\.stm32cubemx\thirdparties\pdsc\RealThread.X-CUBE-RT-Thread_Nano.4.1.1.pdsc: PDSC version is not supported
2025-07-29 00:41:55,437 [WARN] PackLoader:238 - Cannot read IP mode file for STMicroelectronics.FP-ATR-SIGFOX1.3.2.0
2025-07-29 00:41:55,439 [ERROR] Engine:463 - C:\Users\domin\.stm32cubemx\thirdparties\pdsc\quantropi.X-CUBE-qispace-sdk-base.1.9.3.pdsc: PDSC version is not supported
2025-07-29 00:41:55,452 [WARN] PackLoader:238 - Cannot read IP mode file for STMicroelectronics.X-CUBE-EEPRMA1.5.1.0
2025-07-29 00:41:55,465 [WARN] PackLoader:238 - Cannot read IP mode file for wolfSSL.I-CUBE-wolfSSL.5.7.4
2025-07-29 00:41:55,476 [ERROR] Engine:463 - C:\Users\domin\.stm32cubemx\thirdparties\pdsc\ITTIA_DB.I-CUBE-ITTIADB.8.9.0.pdsc: PDSC version is not supported
2025-07-29 00:41:55,487 [ERROR] Engine:463 - C:\Users\domin\.stm32cubemx\thirdparties\pdsc\STMicroelectronics.X-CUBE-ST67W61.1.0.0.pdsc: PDSC version is not supported
2025-07-29 00:41:55,523 [WARN] PackLoader:238 - Cannot read IP mode file for SEGGER.I-CUBE-embOS.1.3.1
2025-07-29 00:41:55,575 [WARN] PackLoader:238 - Cannot read IP mode file for STMicroelectronics.X-CUBE-ALGOBUILD.1.4.0
2025-07-29 00:41:55,629 [WARN] PackLoader:238 - Cannot read IP mode file for STMicroelectronics.X-CUBE-MEMS1.11.3.0
2025-07-29 00:41:55,771 [INFO] LoadUrlFilesThread:145 - End of LoadUrlFiles Thread
2025-07-29 00:41:55,776 [WARN] PackLoader:238 - Cannot read IP mode file for STMicroelectronics.X-CUBE-AI.9.1.0
2025-07-29 00:41:55,790 [WARN] PackLoader:238 - Cannot read IP mode file for STMicroelectronics.X-CUBE-PM33A1.1.0.0
2025-07-29 00:41:55,818 [WARN] PackLoader:238 - Cannot read IP mode file for STMicroelectronics.X-CUBE-AZRTOS-F4.1.1.0
2025-07-29 00:41:55,823 [ERROR] Engine:463 - C:\Users\domin\.stm32cubemx\thirdparties\pdsc\Avnet-IotConnect.X-CUBE-IoTC-DA16k-PMOD.1.0.0.pdsc: PDSC version is not supported
2025-07-29 00:41:55,835 [WARN] PackLoader:238 - Cannot read IP mode file for STMicroelectronics.X-CUBE-ISPU.2.1.0
2025-07-29 00:41:55,849 [WARN] PackLoader:238 - Cannot read IP mode file for STMicroelectronics.X-CUBE-NFC12.1.0.0
2025-07-29 00:41:55,879 [WARN] PackLoader:238 - Cannot read IP mode file for STMicroelectronics.X-CUBE-AZRTOS-L5.2.0.0
2025-07-29 00:41:55,891 [INFO] ServerAccessManage:362 - Download File mcusFeaturesAndDescription.json._tmp_
2025-07-29 00:41:55,896 [WARN] PackLoader:238 - Cannot read IP mode file for STMicroelectronics.X-CUBE-NFC6.3.1.0
2025-07-29 00:41:55,910 [ERROR] Engine:463 - C:\Users\domin\.stm32cubemx\thirdparties\pdsc\STMicroelectronics.X-CUBE-DPower.1.2.0.pdsc: PDSC version is not supported
2025-07-29 00:41:55,912 [ERROR] Engine:463 - C:\Users\domin\.stm32cubemx\thirdparties\pdsc\STMicroelectronics.X-CUBE-FREERTOS.1.3.1.pdsc: PDSC version is not supported
2025-07-29 00:41:55,922 [ERROR] Engine:463 - C:\Users\domin\.stm32cubemx\thirdparties\pdsc\STMicroelectronics.X-CUBE-FREERTOS.1.3.0.pdsc: PDSC version is not supported
2025-07-29 00:41:55,935 [WARN] PackLoader:238 - Cannot read IP mode file for STMicroelectronics.X-CUBE-NFC7.1.0.1
2025-07-29 00:41:55,948 [ERROR] Engine:463 - C:\Users\domin\.stm32cubemx\thirdparties\pdsc\STMicroelectronics.FP-SNS-STAIOTCFT.1.0.0.pdsc: PDSC version is not supported
2025-07-29 00:41:55,959 [ERROR] Engine:463 - C:\Users\domin\.stm32cubemx\thirdparties\pdsc\STMicroelectronics.X-CUBE-DPower.1.3.0.pdsc: PDSC version is not supported
2025-07-29 00:41:55,988 [WARN] ConditionMgr:437 - getConditionDescription Invalid condition id : LAN8742 Phy interface Condition cause : null
2025-07-29 00:41:55,988 [WARN] PackLoader:238 - Cannot read IP mode file for STMicroelectronics.X-CUBE-AZRTOS-L4.2.0.0
2025-07-29 00:41:55,989 [WARN] ConditionMgr:1038 - genDependencies : Invalid condition id : LAN8742 Phy interface Condition cause : null
2025-07-29 00:41:55,990 [WARN] ConditionMgr:1038 - genDependencies : Invalid condition id : LAN8742 Phy interface Condition cause : null
2025-07-29 00:41:55,990 [WARN] ConditionMgr:1038 - genDependencies : Invalid condition id : LAN8742 Phy interface Condition cause : null
2025-07-29 00:41:56,005 [WARN] PackLoader:238 - Cannot read IP mode file for STMicroelectronics.X-CUBE-SFXS2LP1.4.0.0
2025-07-29 00:41:56,037 [WARN] PackLoader:238 - Cannot read IP mode file for STMicroelectronics.X-CUBE-AZRTOS-H7.3.3.0
2025-07-29 00:41:56,043 [ERROR] Engine:463 - C:\Users\domin\.stm32cubemx\thirdparties\pdsc\STMicroelectronics.X-CUBE-BLEMGR.4.1.0.pdsc: PDSC version is not supported
2025-07-29 00:41:56,056 [ERROR] Engine:463 - C:\Users\domin\.stm32cubemx\thirdparties\pdsc\STMicroelectronics.X-CUBE-IPS.3.0.0.pdsc: PDSC version is not supported
2025-07-29 00:41:56,079 [WARN] ConditionMgr:437 - getConditionDescription Invalid condition id : UX DEVICE CLASS RTOS Condition cause : null
2025-07-29 00:41:56,080 [WARN] ConditionMgr:437 - getConditionDescription Invalid condition id : UX DEVICE CLASS RTOS Condition cause : null
2025-07-29 00:41:56,081 [WARN] PackLoader:238 - Cannot read IP mode file for STMicroelectronics.X-CUBE-AZRTOS-WB.2.0.0
2025-07-29 00:41:56,082 [WARN] ConditionMgr:1038 - genDependencies : Invalid condition id : UX DEVICE CLASS RTOS Condition cause : null
2025-07-29 00:41:56,082 [WARN] ConditionMgr:1038 - genDependencies : Invalid condition id : UX DEVICE CLASS RTOS Condition cause : null
2025-07-29 00:41:56,082 [WARN] ConditionMgr:1038 - genDependencies : Invalid condition id : UX DEVICE CLASS RTOS Condition cause : null
2025-07-29 00:41:56,082 [WARN] ConditionMgr:1038 - genDependencies : Invalid condition id : UX DEVICE CLASS RTOS Condition cause : null
2025-07-29 00:41:56,082 [WARN] ConditionMgr:1038 - genDependencies : Invalid condition id : UX DEVICE CLASS RTOS Condition cause : null
2025-07-29 00:41:56,096 [WARN] PackLoader:238 - Cannot read IP mode file for STMicroelectronics.X-CUBE-GNSS1.7.0.1
2025-07-29 00:41:56,109 [WARN] PackLoader:238 - Cannot read IP mode file for STMicroelectronics.X-CUBE-TOUCHGFX.4.25.0
2025-07-29 00:41:56,121 [ERROR] Engine:463 - C:\Users\domin\.stm32cubemx\thirdparties\pdsc\STMicroelectronics.FP-SNS-STBOX1.2.0.0.pdsc: PDSC version is not supported
2025-07-29 00:41:56,139 [WARN] PackLoader:238 - Cannot read IP mode file for STMicroelectronics.X-CUBE-SUBG2.5.0.0
2025-07-29 00:41:56,174 [WARN] PackLoader:238 - Cannot read IP mode file for STMicroelectronics.X-CUBE-AZRTOS-H7RS.1.1.0
2025-07-29 00:41:56,179 [ERROR] Engine:463 - C:\Users\domin\.stm32cubemx\thirdparties\pdsc\Cesanta.I-CUBE-Mongoose.7.13.0.pdsc: PDSC version is not supported
2025-07-29 00:41:56,203 [WARN] PackLoader:238 - Cannot read IP mode file for STMicroelectronics.X-CUBE-AZRTOS-G4.2.0.0
2025-07-29 00:41:56,217 [WARN] PackLoader:238 - Cannot read IP mode file for STMicroelectronics.X-CUBE-NFC7.2.0.0
2025-07-29 00:41:56,232 [ERROR] Engine:463 - C:\Users\domin\.stm32cubemx\thirdparties\pdsc\STMicroelectronics.X-CUBE-IPS.3.1.0.pdsc: PDSC version is not supported
2025-07-29 00:41:56,243 [ERROR] Engine:463 - C:\Users\domin\.stm32cubemx\thirdparties\pdsc\STMicroelectronics.X-CUBE-ALS.1.0.2.pdsc: PDSC version is not supported
2025-07-29 00:41:56,253 [WARN] PackLoader:238 - Cannot read IP mode file for STMicroelectronics.X-CUBE-TOUCHGFX.4.24.2
2025-07-29 00:41:56,263 [WARN] PackLoader:238 - Cannot read IP mode file for STMicroelectronics.X-CUBE-TOUCHGFX.4.24.1
2025-07-29 00:41:56,266 [WARN] PackLoader:238 - Cannot read IP mode file for wolfSSL.I-CUBE-wolfTPM.3.4.0
2025-07-29 00:41:56,278 [WARN] PackLoader:238 - Cannot read IP mode file for portGmbH.I-Cube-SoM-uGOAL.1.1.0
2025-07-29 00:41:56,305 [WARN] PackLoader:238 - Cannot read IP mode file for STMicroelectronics.X-CUBE-AZRTOS-H7RS.1.0.0
2025-07-29 00:41:56,320 [ERROR] Engine:463 - C:\Users\domin\.stm32cubemx\thirdparties\pdsc\STMicroelectronics.X-CUBE-TOF1.3.4.2.pdsc: PDSC version is not supported
2025-07-29 00:41:56,335 [ERROR] Engine:463 - C:\Users\domin\.stm32cubemx\thirdparties\pdsc\STMicroelectronics.X-CUBE-TOF1.3.4.3.pdsc: PDSC version is not supported
2025-07-29 00:41:56,339 [WARN] PackLoader:238 - Cannot read IP mode file for wolfSSL.I-CUBE-wolfSSH.1.4.17
2025-07-29 00:41:56,339 [INFO] ThirdParty:915 - Integrity check success = true
2025-07-29 00:41:56,339 [INFO] IntegrityCheckThread:94 - exiting critical section [integrity check]
2025-07-29 00:41:56,339 [INFO] IntegrityCheckThread:97 - End integrity checks thread
2025-07-29 00:41:56,344 [INFO] LoadUrlFilesThread:145 - End of LoadUrlFiles Thread
2025-07-29 00:41:56,453 [INFO] ServerAccessManage:362 - Download File boardsDocs.json._tmp_
2025-07-29 00:41:56,566 [INFO] LoadUrlFilesThread:145 - End of LoadUrlFiles Thread
2025-07-29 00:41:56,673 [INFO] ServerAccessManage:362 - Download File boards.json._tmp_
2025-07-29 00:41:56,817 [INFO] LoadUrlFilesThread:145 - End of LoadUrlFiles Thread
2025-07-29 00:41:56,937 [INFO] ServerAccessManage:362 - Download File cube-finder-db.zip
2025-07-29 00:41:58,327 [INFO] FileExtend:235 - Unzip File : cube-finder-db.zip
2025-07-29 00:41:58,327 [INFO] FileExtend:250 - Standard Zip Deflate
2025-07-29 00:41:59,057 [INFO] LoadUrlFilesThread:145 - End of LoadUrlFiles Thread
2025-07-29 00:41:59,895 [INFO] ServerAccessManage:362 - Download File crdb.zip
2025-07-29 00:42:00,971 [INFO] FileExtend:235 - Unzip File : crdb.zip
2025-07-29 00:42:00,972 [INFO] FileExtend:250 - Standard Zip Deflate
2025-07-29 00:42:01,112 [INFO] LoadUrlFilesThread:145 - End of LoadUrlFiles Thread
2025-07-29 00:42:01,256 [INFO] ServerAccessManage:362 - Download File tutoVideoDB.zip
2025-07-29 00:42:01,281 [INFO] FileExtend:235 - Unzip File : tutoVideoDB.zip
2025-07-29 00:42:01,281 [INFO] FileExtend:250 - Standard Zip Deflate
2025-07-29 00:42:01,412 [INFO] LoadUrlFilesThread:145 - End of LoadUrlFiles Thread
2025-07-29 00:42:01,412 [INFO] DbMcusAds:47 - JSON generation date=Tue Jul 08 01:14:23 PDT 2025 (1751962463562)
2025-07-29 00:42:01,421 [INFO] DbMcusDocs:143 - JSON generation date=Tue Nov 16 08:17:54 PST 2021 (1637079474)
2025-07-29 00:42:01,422 [INFO] DbMcusXml:100 - Load MCU database from C:\ST\STM32CubeIDE_1.7.0\STM32CubeIDE\plugins\com.st.stm32cube.common.mx_6.3.0.202107141111\\db\/mcu/families.xml
2025-07-29 00:42:02,010 [INFO] DbMcusJson:93 - JSON generation date=Tue Nov 16 08:17:54 PST 2021 (1637079474)
2025-07-29 00:42:02,454 [INFO] DbMcus:175 - Found 1951 MCUs (1903 are supported by CubeMX, 1914 are visible in CubeMX)
2025-07-29 00:42:02,454 [INFO] ApiDb:251 - Load user favorites file C:\Users\domin/.stm32cubeide/favorites.mcus.txt: 0 item(s)
2025-07-29 00:42:02,454 [INFO] ApiDb:255 - User favorites MCUs=[]
2025-07-29 00:42:02,455 [INFO] DbMcus:187 - Set 0 / 0 favorites MCUs
2025-07-29 00:42:02,947 [INFO] DbMcusDocs:79 - Found 682 MCUs documents
2025-07-29 00:42:02,949 [INFO] ApiDb:276 - Save user favorites file C:\Users\domin/.stm32cubeide/favorites.mcus.txt: 0 item(s)
2025-07-29 00:42:02,949 [INFO] ApiDb:280 - User favorites MCUs=[]
2025-07-29 00:42:02,950 [INFO] DbMcusXml:100 - Load MCU database from C:\ST\STM32CubeIDE_1.7.0\STM32CubeIDE\plugins\com.st.stm32cube.common.mx_6.3.0.202107141111\\db\/mcu/families.xml
2025-07-29 00:42:03,451 [INFO] DbMcusJson:93 - JSON generation date=Tue Nov 16 08:17:54 PST 2021 (1637079474)
2025-07-29 00:42:03,887 [INFO] DbMcus:175 - Found 1951 MCUs (1903 are supported by CubeMX, 1914 are visible in CubeMX)
2025-07-29 00:42:03,888 [INFO] ApiDb:251 - Load user favorites file C:\Users\domin/.stm32cubeide/favorites.mcus.txt: 0 item(s)
2025-07-29 00:42:03,888 [INFO] ApiDb:255 - User favorites MCUs=[]
2025-07-29 00:42:03,888 [INFO] DbMcus:187 - Set 0 / 0 favorites MCUs
2025-07-29 00:42:03,895 [INFO] DbBoardsDocs:143 - JSON generation date=Tue Nov 16 08:17:54 PST 2021 (1637079474)
2025-07-29 00:42:03,916 [INFO] DbBoardsPdsc:90 - Found 25 items
2025-07-29 00:42:03,932 [INFO] DbBoardsPdsc:90 - Found 9 items
2025-07-29 00:42:03,947 [INFO] DbBoardsPdsc:90 - Found 33 items
2025-07-29 00:42:03,959 [INFO] DbBoardsPdsc:90 - Found 1 items
2025-07-29 00:42:03,975 [INFO] DbBoardsPdsc:90 - Found 48 items
2025-07-29 00:42:03,993 [INFO] DbBoardsPdsc:90 - Found 43 items
2025-07-29 00:42:04,006 [INFO] DbBoardsPdsc:90 - Found 2 items
2025-07-29 00:42:04,019 [INFO] DbBoardsPdsc:90 - Found 5 items
2025-07-29 00:42:04,023 [WARN] DbBoardsPdsc:254 - Board STM32H7B3I-DK: unknown feature type=Audio, name=, username=Audio stereo codec with Headphone Amp (CS42L51-CNZ), n=1
2025-07-29 00:42:04,023 [WARN] DbBoardsPdsc:254 - Board STM32H735G-DK: unknown feature type=Audio, name=, username=Audio stereo codec with Headphone Amp (WM8994ECS/R), n=1
2025-07-29 00:42:04,025 [WARN] DbBoardsPdsc:254 - Board STM32H7B3I-EVAL: unknown feature type=Audio, name=, username=Multi-Channel Audio Codec (CS42L51-CNZ), n=1
2025-07-29 00:42:04,025 [WARN] DbBoardsPdsc:254 - Board STM32H7B3I-EVAL: unknown feature type=Meter, name=, username=Power-metering and Temperature-monitoring with sigma-delta modulators, n=1
2025-07-29 00:42:04,025 [WARN] DbBoardsPdsc:254 - Board STM32H7B3I-EVAL: unknown feature type=Motor, name=, username=Motor Control, n=1
2025-07-29 00:42:04,026 [WARN] DbBoardsPdsc:254 - Board STM32U575I-EV: unknown feature type=joystick, name=, username=4-direction joystick with selection button, n=1
2025-07-29 00:42:04,041 [INFO] DbBoardsJson:86 - JSON generation date=Tue Nov 16 08:17:54 PST 2021 (1637079474)
2025-07-29 00:42:04,047 [INFO] DbBoards:117 - Found 167 boards (163 are supported by CubeMX)
2025-07-29 00:42:04,049 [INFO] DbBoardsDocs:143 - JSON generation date=Tue Nov 16 08:17:54 PST 2021 (1637079474)
2025-07-29 00:42:04,051 [INFO] DbBoardsDocs:79 - Found 209 boards documents
2025-07-29 00:42:04,052 [WARN] DbBoards:127 - board B-L475E-IOT01A2 has no document id list !
2025-07-29 00:42:04,053 [WARN] DbBoards:127 - board NUCLEO-H743ZI has no document id list !
2025-07-29 00:42:04,054 [WARN] DbBoards:127 - board NUCLEO-WL55JC2 has no document id list !
2025-07-29 00:42:04,054 [WARN] DbBoards:127 - board P-NUCLEO-WB55-Nucleo has no document id list !
2025-07-29 00:42:04,054 [WARN] DbBoards:127 - board P-NUCLEO-WB55-USBDongle has no document id list !
2025-07-29 00:42:04,054 [WARN] DbBoards:127 - board STEVAL-BFA001V1B has no document id list !
2025-07-29 00:42:04,055 [WARN] DbBoards:127 - board STEVAL-BFA001V2B has no document id list !
2025-07-29 00:42:04,055 [WARN] DbBoards:127 - board STEVAL-IDP005V1 has no document id list !
2025-07-29 00:42:04,055 [WARN] DbBoards:127 - board STEVAL-IDP005V2 has no document id list !
2025-07-29 00:42:04,055 [WARN] DbBoards:127 - board STEVAL-MKSBOX1V1 has no document id list !
2025-07-29 00:42:04,055 [WARN] DbBoards:127 - board STEVAL-STWINKT1 has no document id list !
2025-07-29 00:42:04,055 [WARN] DbBoards:127 - board STEVAL-STWINKT1B has no document id list !
2025-07-29 00:42:04,055 [WARN] DbBoards:127 - board STM32439I-EVAL2 has no document id list !
2025-07-29 00:42:04,055 [WARN] DbBoards:127 - board STM32F401C-DISCO has no document id list !
2025-07-29 00:42:04,056 [WARN] DbBoards:127 - board STM32F769I-DISC1 has no document id list !
2025-07-29 00:42:04,056 [WARN] DbBoards:127 - board STM32G474E-EVAL1 has no document id list !
2025-07-29 00:42:04,056 [WARN] DbBoards:127 - board STM32H743I-EVAL2 has no document id list !
2025-07-29 00:42:04,056 [WARN] DbBoards:127 - board STM32H747I-DISC1 has no document id list !
2025-07-29 00:42:04,056 [WARN] DbBoards:127 - board STM32H753I-EVAL2 has no document id list !
2025-07-29 00:42:04,057 [WARN] DbBoards:127 - board STM32L-DISCOVERY has no document id list !
2025-07-29 00:42:04,160 [ERROR] DbBoards:189 - Image file not found for board B-U585I-IOT02A: C:\ST\STM32CubeIDE_1.7.0\STM32CubeIDE\plugins\com.st.stm32cube.common.mx_6.3.0.202107141111\\db\/plugins/mcufinder/images/boards/B-U585I-IOT02A_small.jpg
2025-07-29 00:42:04,242 [ERROR] DbBoards:189 - Image file not found for board NUCLEO-F413ZH: C:\ST\STM32CubeIDE_1.7.0\STM32CubeIDE\plugins\com.st.stm32cube.common.mx_6.3.0.202107141111\\db\/plugins/mcufinder/images/boards/nucleo-f413zh_small.jpg
2025-07-29 00:42:04,398 [ERROR] DbBoards:189 - Image file not found for board NUCLEO-L552ZE-Q: C:\ST\STM32CubeIDE_1.7.0\STM32CubeIDE\plugins\com.st.stm32cube.common.mx_6.3.0.202107141111\\db\/plugins/mcufinder/images/boards/nucleo_l552ze_q_small.jpg
2025-07-29 00:42:04,398 [ERROR] DbBoards:189 - Image file not found for board NUCLEO-U575ZI-Q: C:\ST\STM32CubeIDE_1.7.0\STM32CubeIDE\plugins\com.st.stm32cube.common.mx_6.3.0.202107141111\\db\/plugins/mcufinder/images/boards/nucleo-u575zi-q_small.jpg
2025-07-29 00:42:04,398 [ERROR] DbBoards:189 - Image file not found for board NUCLEO-WB15CC: C:\ST\STM32CubeIDE_1.7.0\STM32CubeIDE\plugins\com.st.stm32cube.common.mx_6.3.0.202107141111\\db\/plugins/mcufinder/images/boards/nucleo-wb15cc_small.jpg
2025-07-29 00:42:04,398 [ERROR] DbBoards:189 - Image file not found for board NUCLEO-WB55RG: C:\ST\STM32CubeIDE_1.7.0\STM32CubeIDE\plugins\com.st.stm32cube.common.mx_6.3.0.202107141111\\db\/plugins/mcufinder/images/boards/nucleo-wb55rg_small.jpg
2025-07-29 00:42:05,308 [INFO] ApiDb:251 - Load user favorites file C:\Users\domin/.stm32cubeide/favorites.boards.txt: 0 item(s)
2025-07-29 00:42:05,309 [INFO] ApiDb:255 - User favorites Boards=[]
2025-07-29 00:42:05,309 [INFO] DbBoards:206 - Set 0 / 0 favorites Boards
2025-07-29 00:42:05,311 [INFO] DbBoardsDocs:79 - Found 418 boards documents
2025-07-29 00:42:05,311 [INFO] ApiDb:276 - Save user favorites file C:\Users\domin/.stm32cubeide/favorites.boards.txt: 0 item(s)
2025-07-29 00:42:05,311 [INFO] ApiDb:280 - User favorites Boards=[]
2025-07-29 00:42:05,314 [INFO] DbBoardsPdsc:90 - Found 25 items
2025-07-29 00:42:05,316 [INFO] DbBoardsPdsc:90 - Found 9 items
2025-07-29 00:42:05,318 [INFO] DbBoardsPdsc:90 - Found 33 items
2025-07-29 00:42:05,319 [INFO] DbBoardsPdsc:90 - Found 1 items
2025-07-29 00:42:05,323 [INFO] DbBoardsPdsc:90 - Found 48 items
2025-07-29 00:42:05,329 [INFO] DbBoardsPdsc:90 - Found 43 items
2025-07-29 00:42:05,329 [INFO] DbBoardsPdsc:90 - Found 2 items
2025-07-29 00:42:05,331 [INFO] DbBoardsPdsc:90 - Found 5 items
2025-07-29 00:42:05,332 [WARN] DbBoardsPdsc:254 - Board STM32H7B3I-DK: unknown feature type=Audio, name=, username=Audio stereo codec with Headphone Amp (CS42L51-CNZ), n=1
2025-07-29 00:42:05,333 [WARN] DbBoardsPdsc:254 - Board STM32H735G-DK: unknown feature type=Audio, name=, username=Audio stereo codec with Headphone Amp (WM8994ECS/R), n=1
2025-07-29 00:42:05,334 [WARN] DbBoardsPdsc:254 - Board STM32H7B3I-EVAL: unknown feature type=Audio, name=, username=Multi-Channel Audio Codec (CS42L51-CNZ), n=1
2025-07-29 00:42:05,334 [WARN] DbBoardsPdsc:254 - Board STM32H7B3I-EVAL: unknown feature type=Meter, name=, username=Power-metering and Temperature-monitoring with sigma-delta modulators, n=1
2025-07-29 00:42:05,334 [WARN] DbBoardsPdsc:254 - Board STM32H7B3I-EVAL: unknown feature type=Motor, name=, username=Motor Control, n=1
2025-07-29 00:42:05,334 [WARN] DbBoardsPdsc:254 - Board STM32U575I-EV: unknown feature type=joystick, name=, username=4-direction joystick with selection button, n=1
2025-07-29 00:42:05,349 [INFO] DbBoardsJson:86 - JSON generation date=Tue Nov 16 08:17:54 PST 2021 (1637079474)
2025-07-29 00:42:05,353 [INFO] DbBoards:117 - Found 167 boards (163 are supported by CubeMX)
2025-07-29 00:42:05,354 [WARN] DbBoards:127 - board B-L475E-IOT01A2 has no document id list !
2025-07-29 00:42:05,355 [WARN] DbBoards:127 - board NUCLEO-H743ZI has no document id list !
2025-07-29 00:42:05,355 [WARN] DbBoards:127 - board NUCLEO-WL55JC2 has no document id list !
2025-07-29 00:42:05,355 [WARN] DbBoards:127 - board P-NUCLEO-WB55-Nucleo has no document id list !
2025-07-29 00:42:05,355 [WARN] DbBoards:127 - board P-NUCLEO-WB55-USBDongle has no document id list !
2025-07-29 00:42:05,355 [WARN] DbBoards:127 - board STEVAL-BFA001V1B has no document id list !
2025-07-29 00:42:05,355 [WARN] DbBoards:127 - board STEVAL-BFA001V2B has no document id list !
2025-07-29 00:42:05,355 [WARN] DbBoards:127 - board STEVAL-IDP005V1 has no document id list !
2025-07-29 00:42:05,355 [WARN] DbBoards:127 - board STEVAL-IDP005V2 has no document id list !
2025-07-29 00:42:05,355 [WARN] DbBoards:127 - board STEVAL-MKSBOX1V1 has no document id list !
2025-07-29 00:42:05,355 [WARN] DbBoards:127 - board STEVAL-STWINKT1 has no document id list !
2025-07-29 00:42:05,355 [WARN] DbBoards:127 - board STEVAL-STWINKT1B has no document id list !
2025-07-29 00:42:05,355 [WARN] DbBoards:127 - board STM32439I-EVAL2 has no document id list !
2025-07-29 00:42:05,355 [WARN] DbBoards:127 - board STM32F401C-DISCO has no document id list !
2025-07-29 00:42:05,356 [WARN] DbBoards:127 - board STM32F769I-DISC1 has no document id list !
2025-07-29 00:42:05,356 [WARN] DbBoards:127 - board STM32G474E-EVAL1 has no document id list !
2025-07-29 00:42:05,356 [WARN] DbBoards:127 - board STM32H743I-EVAL2 has no document id list !
2025-07-29 00:42:05,356 [WARN] DbBoards:127 - board STM32H747I-DISC1 has no document id list !
2025-07-29 00:42:05,356 [WARN] DbBoards:127 - board STM32H753I-EVAL2 has no document id list !
2025-07-29 00:42:05,356 [WARN] DbBoards:127 - board STM32L-DISCOVERY has no document id list !
2025-07-29 00:42:05,423 [ERROR] DbBoards:189 - Image file not found for board B-U585I-IOT02A: C:\ST\STM32CubeIDE_1.7.0\STM32CubeIDE\plugins\com.st.stm32cube.common.mx_6.3.0.202107141111\\db\/plugins/mcufinder/images/boards/B-U585I-IOT02A_small.jpg
2025-07-29 00:42:05,491 [ERROR] DbBoards:189 - Image file not found for board NUCLEO-F413ZH: C:\ST\STM32CubeIDE_1.7.0\STM32CubeIDE\plugins\com.st.stm32cube.common.mx_6.3.0.202107141111\\db\/plugins/mcufinder/images/boards/nucleo-f413zh_small.jpg
2025-07-29 00:42:05,642 [ERROR] DbBoards:189 - Image file not found for board NUCLEO-L552ZE-Q: C:\ST\STM32CubeIDE_1.7.0\STM32CubeIDE\plugins\com.st.stm32cube.common.mx_6.3.0.202107141111\\db\/plugins/mcufinder/images/boards/nucleo_l552ze_q_small.jpg
2025-07-29 00:42:05,642 [ERROR] DbBoards:189 - Image file not found for board NUCLEO-U575ZI-Q: C:\ST\STM32CubeIDE_1.7.0\STM32CubeIDE\plugins\com.st.stm32cube.common.mx_6.3.0.202107141111\\db\/plugins/mcufinder/images/boards/nucleo-u575zi-q_small.jpg
2025-07-29 00:42:05,642 [ERROR] DbBoards:189 - Image file not found for board NUCLEO-WB15CC: C:\ST\STM32CubeIDE_1.7.0\STM32CubeIDE\plugins\com.st.stm32cube.common.mx_6.3.0.202107141111\\db\/plugins/mcufinder/images/boards/nucleo-wb15cc_small.jpg
2025-07-29 00:42:05,642 [ERROR] DbBoards:189 - Image file not found for board NUCLEO-WB55RG: C:\ST\STM32CubeIDE_1.7.0\STM32CubeIDE\plugins\com.st.stm32cube.common.mx_6.3.0.202107141111\\db\/plugins/mcufinder/images/boards/nucleo-wb55rg_small.jpg
2025-07-29 00:42:06,269 [INFO] ApiDb:251 - Load user favorites file C:\Users\domin/.stm32cubeide/favorites.boards.txt: 0 item(s)
2025-07-29 00:42:06,269 [INFO] ApiDb:255 - User favorites Boards=[]
2025-07-29 00:42:06,269 [INFO] DbBoards:206 - Set 0 / 0 favorites Boards
2025-07-29 00:42:06,277 [INFO] LoadUrlFilesThread:172 - End of LoadServerUrlFiles without Thread
2025-07-29 00:42:06,277 [INFO] TargetSelectorAdapter:224 - Refresh data is successful
2025-07-29 00:42:06,432 [INFO] ApiDb:479 - Connected to CubeFinder SQLite database (C:\Users\domin\.stmcufinder\plugins\mcufinder\mcu\cube-finder-db.db)
2025-07-29 00:42:07,137 [ERROR] DbExamplesSqlite:446 - Missing JSON key: board_cpn
2025-07-29 00:42:07,137 [ERROR] DbExamplesSqlite:446 - Missing JSON key: board_cpn
2025-07-29 00:42:07,138 [ERROR] DbExamplesSqlite:446 - Missing JSON key: board_cpn
2025-07-29 00:42:07,138 [ERROR] DbExamplesSqlite:446 - Missing JSON key: board_cpn
2025-07-29 00:42:07,234 [ERROR] DbExamplesSqlite:446 - Missing JSON key: board_cpn
2025-07-29 00:42:07,234 [ERROR] DbExamplesSqlite:446 - Missing JSON key: board_cpn
2025-07-29 00:42:07,234 [ERROR] DbExamplesSqlite:446 - Missing JSON key: board_cpn
2025-07-29 00:42:07,234 [ERROR] DbExamplesSqlite:446 - Missing JSON key: board_cpn
2025-07-29 00:42:07,234 [ERROR] DbExamplesSqlite:446 - Missing JSON key: board_cpn
2025-07-29 00:42:07,234 [ERROR] DbExamplesSqlite:446 - Missing JSON key: board_cpn
2025-07-29 00:42:07,235 [ERROR] DbExamplesSqlite:446 - Missing JSON key: board_cpn
2025-07-29 00:42:07,235 [ERROR] DbExamplesSqlite:446 - Missing JSON key: board_cpn
2025-07-29 00:42:07,235 [ERROR] DbExamplesSqlite:446 - Missing JSON key: board_cpn
2025-07-29 00:42:07,343 [ERROR] DbExamplesSqlite:446 - Missing JSON key: board_cpn
2025-07-29 00:42:07,365 [INFO] DbExamplesSqlite:411 - Ignored 33 examples not supported by CubeIDE
2025-07-29 00:42:07,365 [INFO] DbExamplesSqlite:412 - Found 10854 examples active
2025-07-29 00:42:07,365 [INFO] DbExamplesSqlite:413 - Found 0 examples obsolete
2025-07-29 00:42:07,365 [INFO] DbExamplesSqlite:414 - Found 0 examples under development
2025-07-29 00:42:07,365 [INFO] DbExamplesSqlite:415 - Found 65 examples not building
2025-07-29 00:42:07,428 [INFO] DbExamplesSqlite:108 - CubeFinder database Data Model version=2.1
2025-07-29 00:42:07,429 [INFO] DbExamplesSqlite:109 - CubeFinder database Configuration version=3.0.39
2025-07-29 00:42:07,429 [INFO] DbExamplesSqlite:110 - CubeFinder database generation date=2025-07-21 (1753107327)
2025-07-29 00:42:07,429 [INFO] DbExamplesSqlite:111 - CubeFinder database FW Pack versions=[FP-ATR-ASTRA1_V2.0.0, FP-SNS-FLIGHT1_V5.1.0, FP-SNS-MOTENV1_V5.0.0, FP-SNS-MOTENVWB1_V1.4.0, FP-SNS-SMARTAG2_V1.2.0, FP-SNS-STBOX1_V2.0.0, STM32Cube_FW_C0_V1.4.0, STM32Cube_FW_F4_V1.28.2, STM32Cube_FW_F7_V1.17.3, STM32Cube_FW_G0_V1.6.2, STM32Cube_FW_G4_V1.6.1, STM32Cube_FW_H5_V1.5.0, STM32Cube_FW_H7RS_V1.2.0, STM32Cube_FW_H7_V1.12.1, STM32Cube_FW_L0_V1.12.2, STM32Cube_FW_L4_V1.18.1, STM32Cube_FW_L5_V1.5.1, STM32Cube_FW_N6_V1.2.0, STM32Cube_FW_U0_V1.3.0, STM32Cube_FW_U3_V1.2.0, STM32Cube_FW_U5_V1.8.0, STM32Cube_FW_WB0_V1.3.0, STM32Cube_FW_WBA_V1.7.0, STM32Cube_FW_WB_V1.23.0, STM32Cube_FW_WL3_V1.2.0, STM32Cube_FW_WL_V1.3.1, X-CUBE-ALGOBUILD_V1.4.0, X-CUBE-ALS_V1.0.2, X-CUBE-AZRTOS-F4_V1.1.0, X-CUBE-AZRTOS-F7_V1.1.0, X-CUBE-AZRTOS-G0_V1.1.0, X-CUBE-AZRTOS-G4_V2.0.0, X-CUBE-AZRTOS-H7RS_V1.1.0, X-CUBE-AZRTOS-H7_V3.3.0, X-CUBE-AZRTOS-L4_V2.0.0, X-CUBE-AZRTOS-L5_V2.0.0, X-CUBE-AZRTOS-WB_V2.0.0, X-CUBE-AZRTOS-WL_V2.0.0, X-CUBE-BLE1_V7.1.0, X-CUBE-BLE2_V3.3.0, X-CUBE-BLEMGR_V4.0.0, X-CUBE-EEPRMA1_V5.1.0, X-CUBE-FREERTOS_V1.3.1, X-CUBE-GNSS1_V6.0.0, X-CUBE-MEMS1_V11.3.0, X-CUBE-NFC4_V3.0.0, X-CUBE-NFC7_V2.0.0, X-CUBE-SFXS2LP1_V4.0.0, X-CUBE-SUBG2_V5.0.0, X-CUBE-TOF1_V3.4.3]
2025-07-29 00:42:07,431 [INFO] DbExamples:130 - Found 10886 examples
2025-07-29 00:42:08,274 [ERROR] DbExamples:206 - Found 10886 examples with invalid data (board or MCU)
2025-07-29 00:42:08,274 [INFO] DbExamples:222 - Found 96 boards with related examples
2025-07-29 00:42:08,275 [INFO] DbExamples:235 - Found 0 MCUs with related examples
2025-07-29 00:42:08,301 [INFO] ApiDb:251 - Load user favorites file C:\Users\domin/.stm32cubeide/favorites.examples.txt: 0 item(s)
2025-07-29 00:42:08,301 [INFO] ApiDb:255 - User favorites Examples=[]
2025-07-29 00:42:08,301 [INFO] DbExamples:256 - Set 0 / 0 favorites Examples
2025-07-29 00:42:08,574 [INFO] McuFinderGlobals:52 - Set McuFinderConnectedMode to false
2025-07-29 00:42:08,649 [INFO] CrossSelectorPresenter:1330 - Cross Selector saved comparison directory: C:\Users\domin\.stmcufinder\plugins\mcufinder\mcu\cs_comparisons_mx
2025-07-29 00:42:08,654 [INFO] MultiScanPanel:197 - Auto-refresh data requested => check proxy status ongoing
2025-07-29 00:42:08,654 [INFO] MultiScanPanel:201 - Proxy status is invalid
2025-07-29 00:42:08,656 [INFO] FinderPluginLoader:87 - Searching for filters in installed packs
2025-07-29 00:42:09,062 [INFO] DetailPanel:309 - Set advertising image to C:/Users/domin/STM32Cube/Repository/\en.2400x1350px.jpeg
2025-07-29 00:42:33,949 [INFO] MultiScanPanel:197 - Auto-refresh data requested => check proxy status ongoing
2025-07-29 00:42:33,949 [INFO] MultiScanPanel:201 - Proxy status is invalid
2025-07-29 00:42:33,985 [INFO] DetailPanel:309 - Set advertising image to C:/Users/domin/STM32Cube/Repository/\en.2400x1350px.jpeg
2025-07-29 00:42:57,022 [INFO] McuFinderGlobals:52 - Set McuFinderConnectedMode to true
2025-07-29 00:42:57,023 [INFO] ApiDb:276 - Save user favorites file C:\Users\domin/.stm32cubeide/favorites.mcus.txt: 0 item(s)
2025-07-29 00:42:57,023 [INFO] ApiDb:280 - User favorites MCUs=[]
2025-07-29 00:42:57,024 [INFO] ApiDb:276 - Save user favorites file C:\Users\domin/.stm32cubeide/favorites.boards.txt: 0 item(s)
2025-07-29 00:42:57,024 [INFO] ApiDb:280 - User favorites Boards=[]
2025-07-29 15:24:22,066 [INFO] Activator:177 - 


2025-07-29 15:24:22,068 [INFO] Activator:178 - !SESSION log4j initialized
2025-07-30 19:38:39,967 [INFO] Activator:177 - 


2025-07-30 19:38:39,968 [INFO] Activator:178 - !SESSION log4j initialized
2025-08-03 19:41:52,067 [INFO] Activator:177 - 


2025-08-03 19:41:52,068 [INFO] Activator:178 - !SESSION log4j initialized
2025-08-03 21:35:12,926 [INFO] Activator:177 - 


2025-08-03 21:35:12,928 [INFO] Activator:178 - !SESSION log4j initialized
